2026-01-29 11:19:10,439|user=|api=|status=|error_code=|error_message=|client_reqid=|req=
2026-01-29 11:19:10,488|user=|api=|status=|error_code=|error_message=|client_reqid=|req=
2026-01-29 11:19:10,488|user=|api=|status=|error_code=|error_message=|client_reqid=|req=
2026-01-29 11:19:10,489|user=|api=|status=|error_code=|error_message=|client_reqid=|req=
2026-01-29 11:19:10,953|user=|api=|status=|error_code=|error_message=|client_reqid=|req=
2026-01-29 11:19:11,001|user=|api=|status=|error_code=|error_message=|client_reqid=|req=
2026-01-29 11:19:11,484|user=|api=|status=|error_code=|error_message=|client_reqid=|req=
2026-01-29 11:19:11,493|user=|api=|status=|error_code=|error_message=|client_reqid=|req=
2026-01-29 11:19:11,495|user=|api=|status=|error_code=|error_message=|client_reqid=|req=
2026-01-29 11:19:11,495|user=|api=|status=|error_code=|error_message=|client_reqid=|req=
2026-01-29 11:19:11,545|user=|api=|status=|error_code=|error_message=|client_reqid=|req=
2026-01-29 11:19:11,546|user=|api=|status=|error_code=|error_message=|client_reqid=|req=
2026-01-29 11:19:11,576|user=|api=|status=|error_code=|error_message=|client_reqid=|req=
2026-01-29 11:19:11,655|user=|api=|status=|error_code=|error_message=|client_reqid=|req=
2026-01-29 11:19:11,691|user=|api=|status=|error_code=|error_message=|client_reqid=|req=
2026-01-29 11:19:11,712|user=|api=|status=|error_code=|error_message=|client_reqid=|req=
2026-01-29 11:19:11,924|user=|api=|status=|error_code=|error_message=|client_reqid=|req=
2026-01-29 11:19:11,943|user=|api=|status=|error_code=|error_message=|client_reqid=|req=
2026-01-29 11:19:12,400|user=|api=|status=|error_code=|error_message=|client_reqid=|req=
2026-01-29 11:19:12,404|user=|api=|status=|error_code=|error_message=|client_reqid=|req=
2026-01-29 11:19:12,745|user=|api=|status=|error_code=|error_message=|client_reqid=|req=
2026-01-29 11:19:13,376|user=|api=|status=|error_code=|error_message=|client_reqid=|req=
2026-01-29 11:19:13,704|user=|api=|status=|error_code=|error_message=|client_reqid=|req=
2026-01-29 11:19:13,937|user=|api=|status=|error_code=|error_message=|client_reqid=|req=
2026-01-29 11:19:14,649|user=|api=|status=|error_code=|error_message=|client_reqid=|req=
2026-01-29 11:19:14,681|user=|api=|status=|error_code=|error_message=|client_reqid=|req=
2026-01-29 11:19:14,688|user=|api=|status=|error_code=|error_message=|client_reqid=|req=
2026-01-29 11:30:39,514|user=|api=|status=|error_code=|error_message=|client_reqid=|req=
2026-01-29 11:30:39,517|user=|api=|status=|error_code=|error_message=|client_reqid=|req=
2026-01-29 11:30:39,530|user=|api=|status=|error_code=|error_message=|client_reqid=|req=
2026-01-29 12:35:36,789|user=|api=|status=|error_code=|error_message=|client_reqid=|req=
2026-01-29 12:35:36,839|user=|api=|status=|error_code=|error_message=|client_reqid=|req=
2026-01-29 12:35:36,839|user=|api=|status=|error_code=|error_message=|client_reqid=|req=
2026-01-29 12:35:36,840|user=|api=|status=|error_code=|error_message=|client_reqid=|req=
2026-01-29 12:35:37,281|user=|api=|status=|error_code=|error_message=|client_reqid=|req=
2026-01-29 12:35:37,328|user=|api=|status=|error_code=|error_message=|client_reqid=|req=
2026-01-29 12:35:37,685|user=|api=|status=|error_code=|error_message=|client_reqid=|req=
2026-01-29 12:35:37,692|user=|api=|status=|error_code=|error_message=|client_reqid=|req=
2026-01-29 12:35:37,694|user=|api=|status=|error_code=|error_message=|client_reqid=|req=
2026-01-29 12:35:37,695|user=|api=|status=|error_code=|error_message=|client_reqid=|req=
2026-01-29 12:35:37,730|user=|api=|status=|error_code=|error_message=|client_reqid=|req=
2026-01-29 12:35:37,731|user=|api=|status=|error_code=|error_message=|client_reqid=|req=
2026-01-29 12:35:37,760|user=|api=|status=|error_code=|error_message=|client_reqid=|req=
2026-01-29 12:35:37,838|user=|api=|status=|error_code=|error_message=|client_reqid=|req=
2026-01-29 12:35:37,873|user=|api=|status=|error_code=|error_message=|client_reqid=|req=
2026-01-29 12:35:37,896|user=|api=|status=|error_code=|error_message=|client_reqid=|req=
2026-01-29 12:35:38,111|user=|api=|status=|error_code=|error_message=|client_reqid=|req=
2026-01-29 12:35:38,129|user=|api=|status=|error_code=|error_message=|client_reqid=|req=
2026-01-29 12:35:38,376|user=|api=|status=|error_code=|error_message=|client_reqid=|req=
2026-01-29 12:35:38,377|user=|api=|status=|error_code=|error_message=|client_reqid=|req=
2026-01-29 12:35:38,399|user=|api=|status=|error_code=|error_message=|client_reqid=|req=
2026-01-29 12:35:39,027|user=|api=|status=|error_code=|error_message=|client_reqid=|req=
2026-01-29 12:35:39,065|user=|api=|status=|error_code=|error_message=|client_reqid=|req=
2026-01-29 12:35:39,281|user=|api=|status=|error_code=|error_message=|client_reqid=|req=
2026-01-29 12:35:39,949|user=|api=|status=|error_code=|error_message=|client_reqid=|req=
2026-01-29 12:35:39,958|user=|api=|status=|error_code=|error_message=|client_reqid=|req=
2026-01-29 12:35:39,965|user=|api=|status=|error_code=|error_message=|client_reqid=|req=
2026-01-29 12:43:40,660|user=|api=|status=|error_code=|error_message=|client_reqid=|req=
2026-01-29 12:43:40,660|user=|api=|status=|error_code=|error_message=|client_reqid=|req=
2026-01-29 12:43:40,661|user=|api=|status=|error_code=|error_message=|client_reqid=|req=
2026-01-29 12:43:40,689|user=101|api=GET /myhr/employee/list|status=|error_code=|error_message=|client_reqid=|req=
2026-01-29 12:43:40,689|user=101|api=GET /myhr/employee/list|status=|error_code=|error_message=|client_reqid=|req=
2026-01-29 12:43:40,752|user=101|api=GET /myhr/employee/list|status=|error_code=|error_message=|client_reqid=|req=
2026-01-29 12:43:40,774|user=101|api=GET /myhr/employee/list|status=|error_code=|error_message=|client_reqid=|req=
2026-01-29 12:43:40,775|user=101|api=GET /myhr/employee/list|status=|error_code=|error_message=|client_reqid=|req=
2026-01-29 12:43:40,775|user=101|api=GET /myhr/employee/list|status=|error_code=|error_message=|client_reqid=|req=
2026-01-29 12:43:40,776|user=101|api=GET /myhr/employee/list|status=|error_code=|error_message=|client_reqid=|req=
2026-01-29 12:43:40,777|user=101|api=GET /myhr/employee/list|status=|error_code=|error_message=|client_reqid=|req=
2026-01-29 12:43:41,616|user=101|api=GET /myhr/employee/list|status=|error_code=|error_message=|client_reqid=|req=
2026-01-29 12:43:41,643|user=101|api=GET /myhr/employee/list|status=200|error_code=|error_message=|client_reqid=|req={"id":"14","name":"akanksha","age":25,"department":"HR","rank":"SENIOR ","supervisor":"Sumit"}
2026-01-29 12:53:14,214|user=anonymous|api=GET /myhr/employee/list|status=|error_code=|error_message=|client_reqid=|req=
2026-01-29 12:53:14,214|user=anonymous|api=GET /myhr/employee/list|status=|error_code=|error_message=|client_reqid=|req=
2026-01-29 12:53:14,215|user=anonymous|api=GET /myhr/employee/list|status=|error_code=|error_message=|client_reqid=|req=
2026-01-29 12:53:14,216|user=anonymous|api=GET /myhr/employee/list|status=|error_code=|error_message=|client_reqid=|req=
2026-01-29 12:53:14,216|user=anonymous|api=GET /myhr/employee/list|status=|error_code=|error_message=|client_reqid=|req=
2026-01-29 12:53:14,216|user=anonymous|api=GET /myhr/employee/list|status=|error_code=|error_message=|client_reqid=|req=
2026-01-29 12:53:14,217|user=anonymous|api=GET /myhr/employee/list|status=|error_code=|error_message=|client_reqid=|req=
2026-01-29 12:53:14,217|user=anonymous|api=GET /myhr/employee/list|status=|error_code=|error_message=|client_reqid=|req=
2026-01-29 12:53:14,238|user=anonymous|api=GET /myhr/employee/list|status=|error_code=|error_message=|client_reqid=|req=
2026-01-29 12:53:14,241|user=anonymous|api=GET /myhr/employee/list|status=200|error_code=|error_message=|client_reqid=|req={"id":"14","name":"akanksha","age":25,"department":"HR","rank":"SENIOR ","supervisor":"Sumit"}
2026-01-29 12:53:33,403|user=anonymous|api=GET /myhr/employee/list|status=|error_code=|error_message=|client_reqid=|req=
2026-01-29 12:53:33,403|user=anonymous|api=GET /myhr/employee/list|status=|error_code=|error_message=|client_reqid=|req=
2026-01-29 12:53:33,404|user=anonymous|api=GET /myhr/employee/list|status=|error_code=|error_message=|client_reqid=|req=
2026-01-29 12:53:33,405|user=anonymous|api=GET /myhr/employee/list|status=|error_code=|error_message=|client_reqid=|req=
2026-01-29 12:53:33,405|user=anonymous|api=GET /myhr/employee/list|status=|error_code=|error_message=|client_reqid=|req=
2026-01-29 12:53:33,405|user=anonymous|api=GET /myhr/employee/list|status=|error_code=|error_message=|client_reqid=|req=
2026-01-29 12:53:33,406|user=anonymous|api=GET /myhr/employee/list|status=|error_code=|error_message=|client_reqid=|req=
2026-01-29 12:53:33,408|user=anonymous|api=GET /myhr/employee/list|status=|error_code=|error_message=|client_reqid=|req=
2026-01-29 12:53:33,430|user=anonymous|api=GET /myhr/employee/list|status=|error_code=|error_message=|client_reqid=|req=
2026-01-29 12:53:33,433|user=anonymous|api=GET /myhr/employee/list|status=200|error_code=|error_message=|client_reqid=|req={"id":"14","name":"akanksha","age":25,"department":"HR","rank":"SENIOR ","supervisor":"Sumit"}
2026-01-29 14:20:40,711|user=anonymous|api=GET /myhr/employee/list|status=|error_code=|error_message=|client_reqid=|req=
2026-01-29 14:20:40,711|user=anonymous|api=GET /myhr/employee/list|status=|error_code=|error_message=|client_reqid=|req=
2026-01-29 14:20:40,712|user=anonymous|api=GET /myhr/employee/list|status=|error_code=|error_message=|client_reqid=|req=
2026-01-29 14:20:40,714|user=anonymous|api=GET /myhr/employee/list|status=|error_code=|error_message=|client_reqid=|req=
2026-01-29 14:20:40,714|user=anonymous|api=GET /myhr/employee/list|status=|error_code=|error_message=|client_reqid=|req=
2026-01-29 14:20:40,714|user=anonymous|api=GET /myhr/employee/list|status=|error_code=|error_message=|client_reqid=|req=
2026-01-29 14:20:40,714|user=anonymous|api=GET /myhr/employee/list|status=|error_code=|error_message=|client_reqid=|req=
2026-01-29 14:20:40,715|user=anonymous|api=GET /myhr/employee/list|status=|error_code=|error_message=|client_reqid=|req=
2026-01-29 14:20:40,730|user=anonymous|api=GET /myhr/employee/list|status=|error_code=|error_message=|client_reqid=|req=
2026-01-29 14:20:40,731|user=anonymous|api=GET /myhr/employee/list|status=200|error_code=|error_message=|client_reqid=|req={"id":"14","name":"akanksha","age":25,"department":"HR","rank":"SENIOR ","supervisor":"Sumit"}
2026-01-29 17:54:25,509|user=|api=|status=|error_code=|error_message=|client_reqid=|req=
2026-01-29 17:54:25,510|user=|api=|status=|error_code=|error_message=|client_reqid=|req=
2026-01-29 17:54:25,516|user=|api=|status=|error_code=|error_message=|client_reqid=|req=
