2026-01-23 16:01:20 INFO  o.h.validator.internal.util.Version - HV000001: Hibernate Validator 8.0.1.Final
2026-01-23 16:01:20 INFO  com.hrapplication.MyHrApplication - Starting MyHrApplication using Java 21.0.9 with PID 88666 (/home/sumedha/Documents/Java_Assigments/java-Advance-Assignments/HrApplication/target/classes started by sumedha in /home/sumedha/Documents/Java_Assigments/java-Advance-Assignments/HrApplication)
2026-01-23 16:01:20 DEBUG com.hrapplication.MyHrApplication - Running with Spring Boot v3.3.2, Spring v6.1.11
2026-01-23 16:01:20 INFO  com.hrapplication.MyHrApplication - No active profile set, falling back to 1 default profile: "default"
2026-01-23 16:01:21 INFO  o.s.d.r.c.RepositoryConfigurationDelegate - Bootstrapping Spring Data JPA repositories in DEFAULT mode.
2026-01-23 16:01:21 INFO  o.s.d.r.c.RepositoryConfigurationDelegate - Finished Spring Data repository scanning in 42 ms. Found 2 JPA repository interfaces.
2026-01-23 16:01:21 INFO  o.s.b.w.e.tomcat.TomcatWebServer - Tomcat initialized with port 8080 (http)
2026-01-23 16:01:21 INFO  o.a.coyote.http11.Http11NioProtocol - Initializing ProtocolHandler ["http-nio-8080"]
2026-01-23 16:01:21 INFO  o.a.catalina.core.StandardService - Starting service [Tomcat]
2026-01-23 16:01:21 INFO  o.a.catalina.core.StandardEngine - Starting Servlet engine: [Apache Tomcat/10.1.26]
2026-01-23 16:01:21 INFO  o.a.c.c.C.[Tomcat].[localhost].[/] - Initializing Spring embedded WebApplicationContext
2026-01-23 16:01:21 INFO  o.s.b.w.s.c.ServletWebServerApplicationContext - Root WebApplicationContext: initialization completed in 1009 ms
2026-01-23 16:01:22 INFO  o.h.jpa.internal.util.LogHelper - HHH000204: Processing PersistenceUnitInfo [name: default]
2026-01-23 16:01:22 INFO  org.hibernate.Version - HHH000412: Hibernate ORM core version 6.5.2.Final
2026-01-23 16:01:22 INFO  o.h.c.i.RegionFactoryInitiator - HHH000026: Second-level cache disabled
2026-01-23 16:01:22 INFO  o.s.o.j.p.SpringPersistenceUnitInfo - No LoadTimeWeaver setup: ignoring JPA class transformer
2026-01-23 16:01:22 INFO  com.zaxxer.hikari.HikariDataSource - HikariPool-1 - Starting...
2026-01-23 16:01:22 INFO  com.zaxxer.hikari.pool.HikariPool - HikariPool-1 - Added connection org.postgresql.jdbc.PgConnection@2036f83
2026-01-23 16:01:22 INFO  com.zaxxer.hikari.HikariDataSource - HikariPool-1 - Start completed.
2026-01-23 16:01:22 WARN  org.hibernate.orm.deprecation - HHH90000025: PostgreSQLDialect does not need to be specified explicitly using 'hibernate.dialect' (remove the property setting and it will be selected by default)
2026-01-23 16:01:23 INFO  o.h.e.t.j.p.i.JtaPlatformInitiator - HHH000489: No JTA platform available (set 'hibernate.transaction.jta.platform' to enable JTA platform integration)
2026-01-23 16:01:23 INFO  o.s.o.j.LocalContainerEntityManagerFactoryBean - Initialized JPA EntityManagerFactory for persistence unit 'default'
2026-01-23 16:01:23 INFO  o.s.d.j.r.query.QueryEnhancerFactory - Hibernate is in classpath; If applicable, HQL parser will be used.
2026-01-23 16:01:24 INFO  o.a.coyote.http11.Http11NioProtocol - Starting ProtocolHandler ["http-nio-8080"]
2026-01-23 16:01:24 INFO  o.s.b.w.e.tomcat.TomcatWebServer - Tomcat started on port 8080 (http) with context path '/'
2026-01-23 16:01:24 INFO  com.hrapplication.MyHrApplication - Started MyHrApplication in 4.203 seconds (process running for 4.474)
2026-01-23 16:02:06 INFO  o.a.c.c.C.[Tomcat].[localhost].[/] - Initializing Spring DispatcherServlet 'dispatcherServlet'
2026-01-23 16:02:06 INFO  o.s.web.servlet.DispatcherServlet - Initializing Servlet 'dispatcherServlet'
2026-01-23 16:02:06 INFO  o.s.web.servlet.DispatcherServlet - Completed initialization in 1 ms
2026-01-23 16:02:06 INFO  c.h.c.MyHrEmployeeController - ADD Employee API called
2026-01-23 16:02:06 DEBUG c.h.c.MyHrEmployeeController - Request payload: com.hrapplication.entity.Employee@d158c86
2026-01-23 16:02:06 INFO  c.h.service.MyHrEmployeeService - Add Employee service called
2026-01-23 16:02:06 DEBUG c.h.service.MyHrEmployeeService - Employee payload: com.hrapplication.entity.Employee@d158c86
2026-01-23 16:02:06 DEBUG org.hibernate.SQL - select e1_0.id from employee e1_0 where e1_0.name=? and e1_0.age=? and e1_0.department=? fetch first ? rows only
2026-01-23 16:02:06 DEBUG org.hibernate.SQL - insert into employee (age,created_at,department,name,rank,supervisor,updated_at) values (?,?,?,?,?,?,?) returning id
2026-01-23 16:05:43 INFO  o.s.o.j.LocalContainerEntityManagerFactoryBean - Closing JPA EntityManagerFactory for persistence unit 'default'
2026-01-23 16:05:43 INFO  com.zaxxer.hikari.HikariDataSource - HikariPool-1 - Shutdown initiated...
2026-01-23 16:05:43 INFO  com.zaxxer.hikari.HikariDataSource - HikariPool-1 - Shutdown completed.
2026-01-23 16:06:27 INFO  o.h.validator.internal.util.Version - HV000001: Hibernate Validator 8.0.1.Final
2026-01-23 16:06:27 INFO  com.hrapplication.MyHrApplication - Starting MyHrApplication using Java 21.0.9 with PID 90640 (/home/sumedha/Documents/Java_Assigments/java-Advance-Assignments/HrApplication/target/classes started by sumedha in /home/sumedha/Documents/Java_Assigments/java-Advance-Assignments/HrApplication)
2026-01-23 16:06:27 DEBUG com.hrapplication.MyHrApplication - Running with Spring Boot v3.3.2, Spring v6.1.11
2026-01-23 16:06:27 INFO  com.hrapplication.MyHrApplication - No active profile set, falling back to 1 default profile: "default"
2026-01-23 16:06:28 INFO  o.s.d.r.c.RepositoryConfigurationDelegate - Bootstrapping Spring Data JPA repositories in DEFAULT mode.
2026-01-23 16:06:28 INFO  o.s.d.r.c.RepositoryConfigurationDelegate - Finished Spring Data repository scanning in 40 ms. Found 2 JPA repository interfaces.
2026-01-23 16:06:28 INFO  o.s.b.w.e.tomcat.TomcatWebServer - Tomcat initialized with port 8080 (http)
2026-01-23 16:06:28 INFO  o.a.coyote.http11.Http11NioProtocol - Initializing ProtocolHandler ["http-nio-8080"]
2026-01-23 16:06:28 INFO  o.a.catalina.core.StandardService - Starting service [Tomcat]
2026-01-23 16:06:28 INFO  o.a.catalina.core.StandardEngine - Starting Servlet engine: [Apache Tomcat/10.1.26]
2026-01-23 16:06:28 INFO  o.a.c.c.C.[Tomcat].[localhost].[/] - Initializing Spring embedded WebApplicationContext
2026-01-23 16:06:28 INFO  o.s.b.w.s.c.ServletWebServerApplicationContext - Root WebApplicationContext: initialization completed in 961 ms
2026-01-23 16:06:28 INFO  o.h.jpa.internal.util.LogHelper - HHH000204: Processing PersistenceUnitInfo [name: default]
2026-01-23 16:06:28 INFO  org.hibernate.Version - HHH000412: Hibernate ORM core version 6.5.2.Final
2026-01-23 16:06:28 INFO  o.h.c.i.RegionFactoryInitiator - HHH000026: Second-level cache disabled
2026-01-23 16:06:29 INFO  o.s.o.j.p.SpringPersistenceUnitInfo - No LoadTimeWeaver setup: ignoring JPA class transformer
2026-01-23 16:06:29 INFO  com.zaxxer.hikari.HikariDataSource - HikariPool-1 - Starting...
2026-01-23 16:06:29 INFO  com.zaxxer.hikari.pool.HikariPool - HikariPool-1 - Added connection org.postgresql.jdbc.PgConnection@20fcea37
2026-01-23 16:06:29 INFO  com.zaxxer.hikari.HikariDataSource - HikariPool-1 - Start completed.
2026-01-23 16:06:29 WARN  org.hibernate.orm.deprecation - HHH90000025: PostgreSQLDialect does not need to be specified explicitly using 'hibernate.dialect' (remove the property setting and it will be selected by default)
2026-01-23 16:06:30 INFO  o.h.e.t.j.p.i.JtaPlatformInitiator - HHH000489: No JTA platform available (set 'hibernate.transaction.jta.platform' to enable JTA platform integration)
2026-01-23 16:06:30 INFO  o.s.o.j.LocalContainerEntityManagerFactoryBean - Initialized JPA EntityManagerFactory for persistence unit 'default'
2026-01-23 16:06:30 INFO  o.s.d.j.r.query.QueryEnhancerFactory - Hibernate is in classpath; If applicable, HQL parser will be used.
2026-01-23 16:06:31 INFO  o.a.coyote.http11.Http11NioProtocol - Starting ProtocolHandler ["http-nio-8080"]
2026-01-23 16:06:31 INFO  o.s.b.w.e.tomcat.TomcatWebServer - Tomcat started on port 8080 (http) with context path '/'
2026-01-23 16:06:31 INFO  com.hrapplication.MyHrApplication - Started MyHrApplication in 3.892 seconds (process running for 4.149)
2026-01-23 16:07:05 INFO  o.a.c.c.C.[Tomcat].[localhost].[/] - Initializing Spring DispatcherServlet 'dispatcherServlet'
2026-01-23 16:07:05 INFO  o.s.web.servlet.DispatcherServlet - Initializing Servlet 'dispatcherServlet'
2026-01-23 16:07:05 INFO  o.s.web.servlet.DispatcherServlet - Completed initialization in 1 ms
2026-01-23 16:07:05 INFO  c.h.c.MyHrEmployeeController - ADD Employee API called
2026-01-23 16:07:05 DEBUG c.h.c.MyHrEmployeeController - Request payload: com.hrapplication.entity.Employee@c79f5ab
2026-01-23 16:07:05 INFO  c.h.service.MyHrEmployeeService - Add Employee service called
2026-01-23 16:07:05 DEBUG c.h.service.MyHrEmployeeService - Employee payload: com.hrapplication.entity.Employee@c79f5ab
2026-01-23 16:07:05 DEBUG org.hibernate.SQL - select e1_0.id from employee e1_0 where e1_0.name=? and e1_0.age=? and e1_0.department=? fetch first ? rows only
2026-01-23 16:07:05 DEBUG org.hibernate.SQL - insert into employee (age,created_at,department,name,rank,supervisor,updated_at) values (?,?,?,?,?,?,?) returning id
2026-01-23 16:51:58 INFO  o.h.validator.internal.util.Version - HV000001: Hibernate Validator 8.0.1.Final
2026-01-23 16:51:58 INFO  com.hrapplication.MyHrApplication - Starting MyHrApplication using Java 21.0.9 with PID 104563 (/home/sumedha/Documents/Java_Assigments/java-Advance-Assignments/HrApplication/target/classes started by sumedha in /home/sumedha/Documents/Java_Assigments/java-Advance-Assignments/HrApplication)
2026-01-23 16:51:58 DEBUG com.hrapplication.MyHrApplication - Running with Spring Boot v3.3.2, Spring v6.1.11
2026-01-23 16:51:58 INFO  com.hrapplication.MyHrApplication - No active profile set, falling back to 1 default profile: "default"
2026-01-23 16:51:59 INFO  o.s.d.r.c.RepositoryConfigurationDelegate - Bootstrapping Spring Data JPA repositories in DEFAULT mode.
2026-01-23 16:51:59 INFO  o.s.d.r.c.RepositoryConfigurationDelegate - Finished Spring Data repository scanning in 43 ms. Found 2 JPA repository interfaces.
2026-01-23 16:51:59 INFO  o.s.b.w.e.tomcat.TomcatWebServer - Tomcat initialized with port 8080 (http)
2026-01-23 16:51:59 INFO  o.a.coyote.http11.Http11NioProtocol - Initializing ProtocolHandler ["http-nio-8080"]
2026-01-23 16:51:59 INFO  o.a.catalina.core.StandardService - Starting service [Tomcat]
2026-01-23 16:51:59 INFO  o.a.catalina.core.StandardEngine - Starting Servlet engine: [Apache Tomcat/10.1.26]
2026-01-23 16:51:59 INFO  o.a.c.c.C.[Tomcat].[localhost].[/] - Initializing Spring embedded WebApplicationContext
2026-01-23 16:51:59 INFO  o.s.b.w.s.c.ServletWebServerApplicationContext - Root WebApplicationContext: initialization completed in 1004 ms
2026-01-23 16:51:59 INFO  o.h.jpa.internal.util.LogHelper - HHH000204: Processing PersistenceUnitInfo [name: default]
2026-01-23 16:51:59 INFO  org.hibernate.Version - HHH000412: Hibernate ORM core version 6.5.2.Final
2026-01-23 16:51:59 INFO  o.h.c.i.RegionFactoryInitiator - HHH000026: Second-level cache disabled
2026-01-23 16:52:00 INFO  o.s.o.j.p.SpringPersistenceUnitInfo - No LoadTimeWeaver setup: ignoring JPA class transformer
2026-01-23 16:52:00 INFO  com.zaxxer.hikari.HikariDataSource - HikariPool-1 - Starting...
2026-01-23 16:52:00 INFO  com.zaxxer.hikari.pool.HikariPool - HikariPool-1 - Added connection org.postgresql.jdbc.PgConnection@35e07e19
2026-01-23 16:52:00 INFO  com.zaxxer.hikari.HikariDataSource - HikariPool-1 - Start completed.
2026-01-23 16:52:00 WARN  org.hibernate.orm.deprecation - HHH90000025: PostgreSQLDialect does not need to be specified explicitly using 'hibernate.dialect' (remove the property setting and it will be selected by default)
2026-01-23 16:52:01 INFO  o.h.e.t.j.p.i.JtaPlatformInitiator - HHH000489: No JTA platform available (set 'hibernate.transaction.jta.platform' to enable JTA platform integration)
2026-01-23 16:52:01 INFO  o.s.o.j.LocalContainerEntityManagerFactoryBean - Initialized JPA EntityManagerFactory for persistence unit 'default'
2026-01-23 16:52:01 INFO  o.s.d.j.r.query.QueryEnhancerFactory - Hibernate is in classpath; If applicable, HQL parser will be used.
2026-01-23 16:52:02 INFO  o.a.coyote.http11.Http11NioProtocol - Starting ProtocolHandler ["http-nio-8080"]
2026-01-23 16:52:02 WARN  o.s.b.w.s.c.AnnotationConfigServletWebServerApplicationContext - Exception encountered during context initialization - cancelling refresh attempt: org.springframework.context.ApplicationContextException: Failed to start bean 'webServerStartStop'
2026-01-23 16:52:02 INFO  o.s.o.j.LocalContainerEntityManagerFactoryBean - Closing JPA EntityManagerFactory for persistence unit 'default'
2026-01-23 16:52:02 INFO  com.zaxxer.hikari.HikariDataSource - HikariPool-1 - Shutdown initiated...
2026-01-23 16:52:02 INFO  com.zaxxer.hikari.HikariDataSource - HikariPool-1 - Shutdown completed.
2026-01-23 16:52:02 INFO  o.s.b.a.l.ConditionEvaluationReportLogger - 

Error starting ApplicationContext. To display the condition evaluation report re-run your application with 'debug' enabled.
2026-01-23 16:52:02 ERROR o.s.b.d.LoggingFailureAnalysisReporter - 

***************************
APPLICATION FAILED TO START
***************************

Description:

Web server failed to start. Port 8080 was already in use.

Action:

Identify and stop the process that's listening on port 8080 or configure this application to listen on another port.

2026-01-23 16:52:20 INFO  o.s.o.j.LocalContainerEntityManagerFactoryBean - Closing JPA EntityManagerFactory for persistence unit 'default'
2026-01-23 16:52:20 INFO  com.zaxxer.hikari.HikariDataSource - HikariPool-1 - Shutdown initiated...
2026-01-23 16:52:20 INFO  com.zaxxer.hikari.HikariDataSource - HikariPool-1 - Shutdown completed.
2026-01-23 18:00:08 INFO  o.h.validator.internal.util.Version - HV000001: Hibernate Validator 8.0.1.Final
2026-01-23 18:00:08 INFO  com.hrapplication.MyHrApplication - Starting MyHrApplication using Java 21.0.9 with PID 125813 (/home/sumedha/Documents/Java_Assigments/java-Advance-Assignments/HrApplication/target/classes started by sumedha in /home/sumedha/Documents/Java_Assigments/java-Advance-Assignments/HrApplication)
2026-01-23 18:00:08 DEBUG com.hrapplication.MyHrApplication - Running with Spring Boot v3.3.2, Spring v6.1.11
2026-01-23 18:00:08 INFO  com.hrapplication.MyHrApplication - No active profile set, falling back to 1 default profile: "default"
2026-01-23 18:00:08 INFO  o.s.d.r.c.RepositoryConfigurationDelegate - Bootstrapping Spring Data JPA repositories in DEFAULT mode.
2026-01-23 18:00:08 INFO  o.s.d.r.c.RepositoryConfigurationDelegate - Finished Spring Data repository scanning in 36 ms. Found 2 JPA repository interfaces.
2026-01-23 18:00:09 INFO  o.s.b.w.e.tomcat.TomcatWebServer - Tomcat initialized with port 8080 (http)
2026-01-23 18:00:09 INFO  o.a.coyote.http11.Http11NioProtocol - Initializing ProtocolHandler ["http-nio-8080"]
2026-01-23 18:00:09 INFO  o.a.catalina.core.StandardService - Starting service [Tomcat]
2026-01-23 18:00:09 INFO  o.a.catalina.core.StandardEngine - Starting Servlet engine: [Apache Tomcat/10.1.26]
2026-01-23 18:00:09 INFO  o.a.c.c.C.[Tomcat].[localhost].[/] - Initializing Spring embedded WebApplicationContext
2026-01-23 18:00:09 INFO  o.s.b.w.s.c.ServletWebServerApplicationContext - Root WebApplicationContext: initialization completed in 852 ms
2026-01-23 18:00:09 INFO  o.h.jpa.internal.util.LogHelper - HHH000204: Processing PersistenceUnitInfo [name: default]
2026-01-23 18:00:09 INFO  org.hibernate.Version - HHH000412: Hibernate ORM core version 6.5.2.Final
2026-01-23 18:00:09 INFO  o.h.c.i.RegionFactoryInitiator - HHH000026: Second-level cache disabled
2026-01-23 18:00:09 INFO  o.s.o.j.p.SpringPersistenceUnitInfo - No LoadTimeWeaver setup: ignoring JPA class transformer
2026-01-23 18:00:09 INFO  com.zaxxer.hikari.HikariDataSource - HikariPool-1 - Starting...
2026-01-23 18:00:10 INFO  com.zaxxer.hikari.pool.HikariPool - HikariPool-1 - Added connection org.postgresql.jdbc.PgConnection@2036f83
2026-01-23 18:00:10 INFO  com.zaxxer.hikari.HikariDataSource - HikariPool-1 - Start completed.
2026-01-23 18:00:10 WARN  org.hibernate.orm.deprecation - HHH90000025: PostgreSQLDialect does not need to be specified explicitly using 'hibernate.dialect' (remove the property setting and it will be selected by default)
2026-01-23 18:00:10 INFO  o.h.e.t.j.p.i.JtaPlatformInitiator - HHH000489: No JTA platform available (set 'hibernate.transaction.jta.platform' to enable JTA platform integration)
2026-01-23 18:00:10 INFO  o.s.o.j.LocalContainerEntityManagerFactoryBean - Initialized JPA EntityManagerFactory for persistence unit 'default'
2026-01-23 18:00:10 INFO  o.s.d.j.r.query.QueryEnhancerFactory - Hibernate is in classpath; If applicable, HQL parser will be used.
2026-01-23 18:00:11 INFO  o.a.coyote.http11.Http11NioProtocol - Starting ProtocolHandler ["http-nio-8080"]
2026-01-23 18:00:11 INFO  o.s.b.w.e.tomcat.TomcatWebServer - Tomcat started on port 8080 (http) with context path '/'
2026-01-23 18:00:11 INFO  com.hrapplication.MyHrApplication - Started MyHrApplication in 3.552 seconds (process running for 3.793)
2026-01-23 18:00:50 INFO  o.a.c.c.C.[Tomcat].[localhost].[/] - Initializing Spring DispatcherServlet 'dispatcherServlet'
2026-01-23 18:00:50 INFO  o.s.web.servlet.DispatcherServlet - Initializing Servlet 'dispatcherServlet'
2026-01-23 18:00:50 INFO  o.s.web.servlet.DispatcherServlet - Completed initialization in 1 ms
2026-01-23 18:00:50 INFO  c.h.c.MyHrEmployeeController - UPDATE Employee API called
2026-01-23 18:00:50 DEBUG c.h.c.MyHrEmployeeController - Update payload: com.hrapplication.entity.Employee@2d7621c6
2026-01-23 18:00:50 INFO  c.h.service.MyHrEmployeeService - Update Employee service called for id=null
2026-01-23 18:00:50 DEBUG c.h.service.MyHrEmployeeService - Update payload: com.hrapplication.entity.Employee@2d7621c6
2026-01-23 18:00:51 ERROR c.h.service.MyHrEmployeeService - Database error while updating employee: com.hrapplication.entity.Employee@2d7621c6
org.springframework.dao.InvalidDataAccessApiUsageException: The given id must not be null
	at org.springframework.orm.jpa.EntityManagerFactoryUtils.convertJpaAccessExceptionIfPossible(EntityManagerFactoryUtils.java:371)
	at org.springframework.orm.jpa.vendor.HibernateJpaDialect.translateExceptionIfPossible(HibernateJpaDialect.java:246)
	at org.springframework.orm.jpa.AbstractEntityManagerFactoryBean.translateExceptionIfPossible(AbstractEntityManagerFactoryBean.java:550)
	at org.springframework.dao.support.ChainedPersistenceExceptionTranslator.translateExceptionIfPossible(ChainedPersistenceExceptionTranslator.java:61)
	at org.springframework.dao.support.DataAccessUtils.translateIfNecessary(DataAccessUtils.java:335)
	at org.springframework.dao.support.PersistenceExceptionTranslationInterceptor.invoke(PersistenceExceptionTranslationInterceptor.java:160)
	at org.springframework.aop.framework.ReflectiveMethodInvocation.proceed(ReflectiveMethodInvocation.java:184)
	at org.springframework.data.jpa.repository.support.CrudMethodMetadataPostProcessor$CrudMethodMetadataPopulatingMethodInterceptor.invoke(CrudMethodMetadataPostProcessor.java:165)
	at org.springframework.aop.framework.ReflectiveMethodInvocation.proceed(ReflectiveMethodInvocation.java:184)
	at org.springframework.aop.interceptor.ExposeInvocationInterceptor.invoke(ExposeInvocationInterceptor.java:97)
	at org.springframework.aop.framework.ReflectiveMethodInvocation.proceed(ReflectiveMethodInvocation.java:184)
	at org.springframework.aop.framework.JdkDynamicAopProxy.invoke(JdkDynamicAopProxy.java:223)
	at jdk.proxy2/jdk.proxy2.$Proxy126.findById(Unknown Source)
	at com.hrapplication.service.MyHrEmployeeServiceImpl.updateEmployee(MyHrEmployeeServiceImpl.java:102)
	at java.base/jdk.internal.reflect.DirectMethodHandleAccessor.invoke(DirectMethodHandleAccessor.java:103)
	at java.base/java.lang.reflect.Method.invoke(Method.java:580)
	at org.springframework.aop.support.AopUtils.invokeJoinpointUsingReflection(AopUtils.java:354)
	at org.springframework.aop.framework.CglibAopProxy$DynamicAdvisedInterceptor.intercept(CglibAopProxy.java:716)
	at com.hrapplication.service.MyHrEmployeeServiceImpl$$SpringCGLIB$$0.updateEmployee(<generated>)
	at com.hrapplication.controller.MyHrEmployeeController.updateEmployee(MyHrEmployeeController.java:64)
	at java.base/jdk.internal.reflect.DirectMethodHandleAccessor.invoke(DirectMethodHandleAccessor.java:103)
	at java.base/java.lang.reflect.Method.invoke(Method.java:580)
	at org.springframework.web.method.support.InvocableHandlerMethod.doInvoke(InvocableHandlerMethod.java:255)
	at org.springframework.web.method.support.InvocableHandlerMethod.invokeForRequest(InvocableHandlerMethod.java:188)
	at org.springframework.web.servlet.mvc.method.annotation.ServletInvocableHandlerMethod.invokeAndHandle(ServletInvocableHandlerMethod.java:118)
	at org.springframework.web.servlet.mvc.method.annotation.RequestMappingHandlerAdapter.invokeHandlerMethod(RequestMappingHandlerAdapter.java:926)
	at org.springframework.web.servlet.mvc.method.annotation.RequestMappingHandlerAdapter.handleInternal(RequestMappingHandlerAdapter.java:831)
	at org.springframework.web.servlet.mvc.method.AbstractHandlerMethodAdapter.handle(AbstractHandlerMethodAdapter.java:87)
	at org.springframework.web.servlet.DispatcherServlet.doDispatch(DispatcherServlet.java:1089)
	at org.springframework.web.servlet.DispatcherServlet.doService(DispatcherServlet.java:979)
	at org.springframework.web.servlet.FrameworkServlet.processRequest(FrameworkServlet.java:1014)
	at org.springframework.web.servlet.FrameworkServlet.doPost(FrameworkServlet.java:914)
	at jakarta.servlet.http.HttpServlet.service(HttpServlet.java:590)
	at org.springframework.web.servlet.FrameworkServlet.service(FrameworkServlet.java:885)
	at jakarta.servlet.http.HttpServlet.service(HttpServlet.java:658)
	at org.apache.catalina.core.ApplicationFilterChain.internalDoFilter(ApplicationFilterChain.java:195)
	at org.apache.catalina.core.ApplicationFilterChain.doFilter(ApplicationFilterChain.java:140)
	at org.apache.tomcat.websocket.server.WsFilter.doFilter(WsFilter.java:51)
	at org.apache.catalina.core.ApplicationFilterChain.internalDoFilter(ApplicationFilterChain.java:164)
	at org.apache.catalina.core.ApplicationFilterChain.doFilter(ApplicationFilterChain.java:140)
	at org.springframework.web.filter.RequestContextFilter.doFilterInternal(RequestContextFilter.java:100)
	at org.springframework.web.filter.OncePerRequestFilter.doFilter(OncePerRequestFilter.java:116)
	at org.apache.catalina.core.ApplicationFilterChain.internalDoFilter(ApplicationFilterChain.java:164)
	at org.apache.catalina.core.ApplicationFilterChain.doFilter(ApplicationFilterChain.java:140)
	at org.springframework.web.filter.FormContentFilter.doFilterInternal(FormContentFilter.java:93)
	at org.springframework.web.filter.OncePerRequestFilter.doFilter(OncePerRequestFilter.java:116)
	at org.apache.catalina.core.ApplicationFilterChain.internalDoFilter(ApplicationFilterChain.java:164)
	at org.apache.catalina.core.ApplicationFilterChain.doFilter(ApplicationFilterChain.java:140)
	at org.springframework.web.filter.CharacterEncodingFilter.doFilterInternal(CharacterEncodingFilter.java:201)
	at org.springframework.web.filter.OncePerRequestFilter.doFilter(OncePerRequestFilter.java:116)
	at org.apache.catalina.core.ApplicationFilterChain.internalDoFilter(ApplicationFilterChain.java:164)
	at org.apache.catalina.core.ApplicationFilterChain.doFilter(ApplicationFilterChain.java:140)
	at org.apache.catalina.core.StandardWrapperValve.invoke(StandardWrapperValve.java:167)
	at org.apache.catalina.core.StandardContextValve.invoke(StandardContextValve.java:90)
	at org.apache.catalina.authenticator.AuthenticatorBase.invoke(AuthenticatorBase.java:483)
	at org.apache.catalina.core.StandardHostValve.invoke(StandardHostValve.java:115)
	at org.apache.catalina.valves.ErrorReportValve.invoke(ErrorReportValve.java:93)
	at org.apache.catalina.core.StandardEngineValve.invoke(StandardEngineValve.java:74)
	at org.apache.catalina.connector.CoyoteAdapter.service(CoyoteAdapter.java:344)
	at org.apache.coyote.http11.Http11Processor.service(Http11Processor.java:389)
	at org.apache.coyote.AbstractProcessorLight.process(AbstractProcessorLight.java:63)
	at org.apache.coyote.AbstractProtocol$ConnectionHandler.process(AbstractProtocol.java:904)
	at org.apache.tomcat.util.net.NioEndpoint$SocketProcessor.doRun(NioEndpoint.java:1741)
	at org.apache.tomcat.util.net.SocketProcessorBase.run(SocketProcessorBase.java:52)
	at org.apache.tomcat.util.threads.ThreadPoolExecutor.runWorker(ThreadPoolExecutor.java:1190)
	at org.apache.tomcat.util.threads.ThreadPoolExecutor$Worker.run(ThreadPoolExecutor.java:659)
	at org.apache.tomcat.util.threads.TaskThread$WrappingRunnable.run(TaskThread.java:63)
	at java.base/java.lang.Thread.run(Thread.java:1583)
Caused by: java.lang.IllegalArgumentException: The given id must not be null
	at org.springframework.util.Assert.notNull(Assert.java:172)
	at org.springframework.data.jpa.repository.support.SimpleJpaRepository.findById(SimpleJpaRepository.java:310)
	at java.base/jdk.internal.reflect.DirectMethodHandleAccessor.invoke(DirectMethodHandleAccessor.java:103)
	at java.base/java.lang.reflect.Method.invoke(Method.java:580)
	at org.springframework.aop.support.AopUtils.invokeJoinpointUsingReflection(AopUtils.java:354)
	at org.springframework.data.repository.core.support.RepositoryMethodInvoker$RepositoryFragmentMethodInvoker.lambda$new$0(RepositoryMethodInvoker.java:277)
	at org.springframework.data.repository.core.support.RepositoryMethodInvoker.doInvoke(RepositoryMethodInvoker.java:170)
	at org.springframework.data.repository.core.support.RepositoryMethodInvoker.invoke(RepositoryMethodInvoker.java:158)
	at org.springframework.data.repository.core.support.RepositoryComposition$RepositoryFragments.invoke(RepositoryComposition.java:516)
	at org.springframework.data.repository.core.support.RepositoryComposition.invoke(RepositoryComposition.java:285)
	at org.springframework.data.repository.core.support.RepositoryFactorySupport$ImplementationMethodExecutionInterceptor.invoke(RepositoryFactorySupport.java:628)
	at org.springframework.aop.framework.ReflectiveMethodInvocation.proceed(ReflectiveMethodInvocation.java:184)
	at org.springframework.data.repository.core.support.QueryExecutorMethodInterceptor.doInvoke(QueryExecutorMethodInterceptor.java:168)
	at org.springframework.data.repository.core.support.QueryExecutorMethodInterceptor.invoke(QueryExecutorMethodInterceptor.java:143)
	at org.springframework.aop.framework.ReflectiveMethodInvocation.proceed(ReflectiveMethodInvocation.java:184)
	at org.springframework.data.projection.DefaultMethodInvokingMethodInterceptor.invoke(DefaultMethodInvokingMethodInterceptor.java:70)
	at org.springframework.aop.framework.ReflectiveMethodInvocation.proceed(ReflectiveMethodInvocation.java:184)
	at org.springframework.transaction.interceptor.TransactionAspectSupport.invokeWithinTransaction(TransactionAspectSupport.java:379)
	at org.springframework.transaction.interceptor.TransactionInterceptor.invoke(TransactionInterceptor.java:119)
	at org.springframework.aop.framework.ReflectiveMethodInvocation.proceed(ReflectiveMethodInvocation.java:184)
	at org.springframework.dao.support.PersistenceExceptionTranslationInterceptor.invoke(PersistenceExceptionTranslationInterceptor.java:138)
	... 62 common frames omitted
2026-01-23 18:00:58 INFO  c.h.c.MyHrEmployeeController - LIST Employees API called
2026-01-23 18:00:58 INFO  c.h.service.MyHrEmployeeService - Listing all employees (id + name)
2026-01-23 18:00:58 DEBUG org.hibernate.SQL - select e1_0.id,e1_0.name from employee e1_0
2026-01-23 18:00:58 DEBUG c.h.service.MyHrEmployeeService - Number of employees fetched: 2
2026-01-23 18:01:22 INFO  c.h.c.MyHrEmployeeController - LIST Employees API called
2026-01-23 18:01:22 INFO  c.h.service.MyHrEmployeeService - Listing all employees (id + name)
2026-01-23 18:01:22 DEBUG org.hibernate.SQL - select e1_0.id,e1_0.name from employee e1_0
2026-01-23 18:01:22 DEBUG c.h.service.MyHrEmployeeService - Number of employees fetched: 2
2026-01-23 18:01:28 INFO  c.h.c.MyHrEmployeeController - FILTER Employees API called
2026-01-23 18:01:28 DEBUG c.h.c.MyHrEmployeeController - Filter value: null
2026-01-23 18:01:28 INFO  c.h.service.MyHrEmployeeService - Listing all employees without filter
2026-01-23 18:01:28 DEBUG org.hibernate.SQL - select e1_0.id,e1_0.age,e1_0.created_at,e1_0.department,e1_0.name,e1_0.rank,e1_0.supervisor,e1_0.updated_at from employee e1_0
2026-01-23 18:01:40 INFO  c.h.c.MyHrEmployeeController - FILTER Employees API called
2026-01-23 18:01:40 DEBUG c.h.c.MyHrEmployeeController - Filter value: null
2026-01-23 18:01:40 INFO  c.h.service.MyHrEmployeeService - Listing all employees without filter
2026-01-23 18:01:40 DEBUG org.hibernate.SQL - select e1_0.id,e1_0.age,e1_0.created_at,e1_0.department,e1_0.name,e1_0.rank,e1_0.supervisor,e1_0.updated_at from employee e1_0
